[    0.000000] Initializing cgroup subsys cpuset
[    0.000000] Initializing cgroup subsys cpu
[    0.000000] Initializing cgroup subsys cpuacct
[    0.000000] Linux version 4.4.0-210-generic (buildd@lgw01-amd64-009) (gcc version 5.4.0 20160609 (Ubuntu 5.4.0-6ubuntu1~16.04.12) ) #242-Ubuntu SMP Fri Apr 16 09:57:56 UTC 2021 (Ubuntu 4.4.0-210.242-generic 4.4.262)
[    0.000000] Command line: BOOT_IMAGE=/boot/vmlinuz-4.4.0-210-generic root=LABEL=cloudimg-rootfs ro console=tty1 console=ttyS0
[    0.000000] KERNEL supported cpus:
[    0.000000]   Intel GenuineIntel
[    0.000000]   AMD AuthenticAMD
[    0.000000]   Centaur CentaurHauls
[    0.000000] x86/fpu: xstate_offset[2]:  576, xstate_sizes[2]:  256
[    0.000000] x86/fpu: Supporting XSAVE feature 0x01: 'x87 floating point registers'
[    0.000000] x86/fpu: Supporting XSAVE feature 0x02: 'SSE registers'
[    0.000000] x86/fpu: Supporting XSAVE feature 0x04: 'AVX registers'
[    0.000000] x86/fpu: Enabled xstate features 0x7, context size is 832 bytes, using 'standard' format.
[    0.000000] e820: BIOS-provided physical RAM map:
[    0.000000] BIOS-e820: [mem 0x0000000000000000-0x000000000009fbff] usable
[    0.000000] BIOS-e820: [mem 0x000000000009fc00-0x000000000009ffff] reserved
[    0.000000] BIOS-e820: [mem 0x00000000000f0000-0x00000000000fffff] reserved
[    0.000000] BIOS-e820: [mem 0x0000000000100000-0x000000003ffeffff] usable
[    0.000000] BIOS-e820: [mem 0x000000003fff0000-0x000000003fffffff] ACPI data
[    0.000000] BIOS-e820: [mem 0x00000000fec00000-0x00000000fec00fff] reserved
[    0.000000] BIOS-e820: [mem 0x00000000fee00000-0x00000000fee00fff] reserved
[    0.000000] BIOS-e820: [mem 0x00000000fffc0000-0x00000000ffffffff] reserved
[    0.000000] NX (Execute Disable) protection: active
[    0.000000] SMBIOS 2.5 present.
[    0.000000] Hypervisor detected: KVM
[    0.000000] Kernel/User page tables isolation: disabled
[    0.000000] e820: last_pfn = 0x3fff0 max_arch_pfn = 0x400000000
[    0.000000] MTRR: Disabled
[    0.000000] x86/PAT: MTRRs disabled, skipping PAT initialization too.
[    0.000000] CPU MTRRs all blank - virtualized system.
[    0.000000] x86/PAT: Configuration [0-7]: WB  WT  UC- UC  WB  WT  UC- UC  
[    0.000000] found SMP MP-table at [mem 0x0009fff0-0x0009ffff] mapped at [ffff88000009fff0]
[    0.000000] Scanning 1 areas for low memory corruption
[    0.000000] RAMDISK: [mem 0x362dc000-0x37165fff]
[    0.000000] ACPI: Early table checksum verification disabled
[    0.000000] ACPI: RSDP 0x00000000000E0000 000024 (v02 VBOX  )
[    0.000000] ACPI: XSDT 0x000000003FFF0030 00003C (v01 VBOX   VBOXXSDT 00000001 ASL  00000061)
[    0.000000] ACPI: FACP 0x000000003FFF00F0 0000F4 (v04 VBOX   VBOXFACP 00000001 ASL  00000061)
[    0.000000] ACPI: DSDT 0x000000003FFF0470 002325 (v02 VBOX   VBOXBIOS 00000002 INTL 20100528)
[    0.000000] ACPI: FACS 0x000000003FFF0200 000040
[    0.000000] ACPI: FACS 0x000000003FFF0200 000040
[    0.000000] ACPI: APIC 0x000000003FFF0240 00005C (v02 VBOX   VBOXAPIC 00000001 ASL  00000061)
[    0.000000] ACPI: SSDT 0x000000003FFF02A0 0001CC (v01 VBOX   VBOXCPUT 00000002 INTL 20100528)
[    0.000000] No NUMA configuration found
[    0.000000] Faking a node at [mem 0x0000000000000000-0x000000003ffeffff]
[    0.000000] NODE_DATA(0) allocated [mem 0x3ffeb000-0x3ffeffff]
[    0.000000] kvm-clock: Using msrs 4b564d01 and 4b564d00
[    0.000000] kvm-clock: cpu 0, msr 0:3ffe3001, primary cpu clock
[    0.000000] kvm-clock: using sched offset of 3180720142 cycles
[    0.000000] clocksource: kvm-clock: mask: 0xffffffffffffffff max_cycles: 0x1cd42e4dffb, max_idle_ns: 881590591483 ns
[    0.000000] Zone ranges:
[    0.000000]   DMA      [mem 0x0000000000001000-0x0000000000ffffff]
[    0.000000]   DMA32    [mem 0x0000000001000000-0x000000003ffeffff]
[    0.000000]   Normal   empty
[    0.000000]   Device   empty
[    0.000000] Movable zone start for each node
[    0.000000] Early memory node ranges
[    0.000000]   node   0: [mem 0x0000000000001000-0x000000000009efff]
[    0.000000]   node   0: [mem 0x0000000000100000-0x000000003ffeffff]
[    0.000000] Initmem setup node 0 [mem 0x0000000000001000-0x000000003ffeffff]
[    0.000000] ACPI: PM-Timer IO Port: 0x4008
[    0.000000] IOAPIC[0]: apic_id 2, version 32, address 0xfec00000, GSI 0-23
[    0.000000] ACPI: INT_SRC_OVR (bus 0 bus_irq 0 global_irq 2 dfl dfl)
[    0.000000] ACPI: INT_SRC_OVR (bus 0 bus_irq 9 global_irq 9 low level)
[    0.000000] Using ACPI (MADT) for SMP configuration information
[    0.000000] smpboot: Allowing 2 CPUs, 0 hotplug CPUs
[    0.000000] PM: Registered nosave memory: [mem 0x00000000-0x00000fff]
[    0.000000] PM: Registered nosave memory: [mem 0x0009f000-0x0009ffff]
[    0.000000] PM: Registered nosave memory: [mem 0x000a0000-0x000effff]
[    0.000000] PM: Registered nosave memory: [mem 0x000f0000-0x000fffff]
[    0.000000] e820: [mem 0x40000000-0xfebfffff] available for PCI devices
[    0.000000] Booting paravirtualized kernel on KVM
[    0.000000] clocksource: refined-jiffies: mask: 0xffffffff max_cycles: 0xffffffff, max_idle_ns: 7645519600211568 ns
[    0.000000] setup_percpu: NR_CPUS:512 nr_cpumask_bits:512 nr_cpu_ids:2 nr_node_ids:1
[    0.000000] PERCPU: Embedded 33 pages/cpu @ffff88003fc00000 s95192 r8192 d31784 u1048576
[    0.000000] Built 1 zonelists in Node order, mobility grouping on.  Total pages: 257912
[    0.000000] Policy zone: DMA32
[    0.000000] Kernel command line: BOOT_IMAGE=/boot/vmlinuz-4.4.0-210-generic root=LABEL=cloudimg-rootfs ro console=tty1 console=ttyS0
[    0.000000] PID hash table entries: 4096 (order: 3, 32768 bytes)
[    0.000000] Memory: 997792K/1048120K available (8644K kernel code, 1332K rwdata, 4044K rodata, 1492K init, 1164K bss, 50328K reserved, 0K cma-reserved)
[    0.000000] SLUB: HWalign=64, Order=0-3, MinObjects=0, CPUs=2, Nodes=1
[    0.000000] Hierarchical RCU implementation.
[    0.000000] 	Build-time adjustment of leaf fanout to 64.
[    0.000000] 	RCU restricting CPUs from NR_CPUS=512 to nr_cpu_ids=2.
[    0.000000] RCU: Adjusting geometry for rcu_fanout_leaf=64, nr_cpu_ids=2
[    0.000000] NR_IRQS:33024 nr_irqs:440 16
[    0.000000] Console: colour VGA+ 80x25
[    0.000000] console [tty1] enabled
[    0.000000] console [ttyS0] enabled
[    0.000000] tsc: Detected 2304.004 MHz processor
[    0.136605] Calibrating delay loop (skipped) preset value.. 4608.00 BogoMIPS (lpj=9216016)
[    0.138160] pid_max: default: 32768 minimum: 301
[    0.139025] ACPI: Core revision 20150930
[    0.140890] ACPI: 2 ACPI AML tables successfully acquired and loaded
[    0.142644] Security Framework initialized
[    0.143657] Yama: becoming mindful.
[    0.144363] AppArmor: AppArmor initialized
[    0.145398] Dentry cache hash table entries: 131072 (order: 8, 1048576 bytes)
[    0.147183] Inode-cache hash table entries: 65536 (order: 7, 524288 bytes)
[    0.151907] Mount-cache hash table entries: 2048 (order: 2, 16384 bytes)
[    0.153144] Mountpoint-cache hash table entries: 2048 (order: 2, 16384 bytes)
[    0.154506] Initializing cgroup subsys io
[    0.157390] Initializing cgroup subsys memory
[    0.158453] Initializing cgroup subsys devices
[    0.159560] Initializing cgroup subsys freezer
[    0.160437] Initializing cgroup subsys net_cls
[    0.161244] Initializing cgroup subsys perf_event
[    0.162081] Initializing cgroup subsys net_prio
[    0.162933] Initializing cgroup subsys hugetlb
[    0.163883] Initializing cgroup subsys pids
[    0.176986] mce: CPU supports 0 MCE banks
[    0.177901] Last level iTLB entries: 4KB 64, 2MB 8, 4MB 8
[    0.178861] Last level dTLB entries: 4KB 64, 2MB 0, 4MB 0, 1GB 4
[    0.179925] Spectre V1 : Mitigation: usercopy/swapgs barriers and __user pointer sanitization
[    0.181495] Spectre V2 : Mitigation: Full generic retpoline
[    0.182460] Spectre V2 : Spectre v2 / SpectreRSB mitigation: Filling RSB on context switch
[    0.184035] Speculative Store Bypass: Vulnerable
[    0.184852] SRBDS: Mitigation: TSX disabled
[    0.188268] Freeing SMP alternatives memory: 36K
[    0.195324] ftrace: allocating 32380 entries in 127 pages
[    0.247937] smpboot: APIC(0) Converting physical 0 to logical package 0
[    0.249479] smpboot: Max logical packages: 1
[    0.250466] x2apic enabled
[    0.251227] Switched APIC routing to physical x2apic.
[    0.253141] ..TIMER: vector=0x30 apic1=0 pin1=2 apic2=-1 pin2=-1
[    0.362222] smpboot: CPU0: Intel(R) Core(TM) i7-10510U CPU @ 1.80GHz (family: 0x6, model: 0x8e, stepping: 0xc)
[    0.364292] Performance Events: unsupported p6 CPU model 142 no PMU driver, software events only.
[    0.374918] KVM setup paravirtual spinlock
[    0.376763] x86: Booting SMP configuration:
[    0.377567] .... node  #0, CPUs:      #1
[    0.378493] kvm-clock: cpu 1, msr 0:3ffe3041, secondary cpu clock
[    0.390993] mce: CPU supports 0 MCE banks
[    0.393811] x86: Booted up 1 node, 2 CPUs
[    0.395213] smpboot: Total of 2 processors activated (9216.01 BogoMIPS)
[    0.398141] devtmpfs: initialized
[    0.401114] evm: security.selinux
[    0.401765] evm: security.SMACK64
[    0.402423] evm: security.SMACK64EXEC
[    0.403166] evm: security.SMACK64TRANSMUTE
[    0.404692] evm: security.SMACK64MMAP
[    0.405780] evm: security.ima
[    0.406851] evm: security.capability
[    0.408264] clocksource: jiffies: mask: 0xffffffff max_cycles: 0xffffffff, max_idle_ns: 7645041785100000 ns
[    0.410163] futex hash table entries: 512 (order: 3, 32768 bytes)
[    0.411947] pinctrl core: initialized pinctrl subsystem
[    0.413163] RTC time: 12:04:28, date: 11/09/22
[    0.417550] NET: Registered protocol family 16
[    0.431729] cpuidle: using governor ladder
[    0.443639] cpuidle: using governor menu
[    0.444324] PCCT header not found.
[    0.445004] ACPI: bus type PCI registered
[    0.445665] acpiphp: ACPI Hot Plug PCI Controller Driver version: 0.5
[    0.446735] PCI: Using configuration type 1 for base access
[    0.459598] ACPI: Added _OSI(Module Device)
[    0.460339] ACPI: Added _OSI(Processor Device)
[    0.461050] ACPI: Added _OSI(3.0 _SCP Extensions)
[    0.461783] ACPI: Added _OSI(Processor Aggregator Device)
[    0.463170] ACPI: Executed 1 blocks of module-level executable AML code
[    0.465611] ACPI: Interpreter enabled
[    0.466241] ACPI: (supports S0 S5)
[    0.466855] ACPI: Using IOAPIC for interrupt routing
[    0.467726] PCI: Using host bridge windows from ACPI; if necessary, use "pci=nocrs" and report a bug
[    0.471930] ACPI: PCI Root Bridge [PCI0] (domain 0000 [bus 00-ff])
[    0.473231] acpi PNP0A03:00: _OSC: OS supports [ASPM ClockPM Segments MSI]
[    0.475011] acpi PNP0A03:00: _OSC: not requesting OS control; OS requires [ExtendedConfig ASPM ClockPM MSI]
[    0.476639] acpi PNP0A03:00: fail to add MMCONFIG information, can't access extended PCI configuration space under this bridge.
[    0.478640] PCI host bridge to bus 0000:00
[    0.479304] pci_bus 0000:00: root bus resource [io  0x0000-0x0cf7 window]
[    0.480274] pci_bus 0000:00: root bus resource [io  0x0d00-0xffff window]
[    0.481249] pci_bus 0000:00: root bus resource [mem 0x000a0000-0x000bffff window]
[    0.482573] pci_bus 0000:00: root bus resource [mem 0x40000000-0xfdffffff window]
[    0.483797] pci_bus 0000:00: root bus resource [bus 00-ff]
[    0.486027] pci 0000:00:01.1: legacy IDE quirk: reg 0x10: [io  0x01f0-0x01f7]
[    0.487041] pci 0000:00:01.1: legacy IDE quirk: reg 0x14: [io  0x03f6]
[    0.487987] pci 0000:00:01.1: legacy IDE quirk: reg 0x18: [io  0x0170-0x0177]
[    0.489032] pci 0000:00:01.1: legacy IDE quirk: reg 0x1c: [io  0x0376]
[    0.512030] pci 0000:00:07.0: quirk: [io  0x4000-0x403f] claimed by PIIX4 ACPI
[    0.513230] pci 0000:00:07.0: quirk: [io  0x4100-0x410f] claimed by PIIX4 SMB
[    0.520730] ACPI: PCI Interrupt Link [LNKA] (IRQs 5 9 10 *11)
[    0.522521] ACPI: PCI Interrupt Link [LNKB] (IRQs 5 9 *10 11)
[    0.525080] ACPI: PCI Interrupt Link [LNKC] (IRQs 5 *9 10 11)
[    0.527013] ACPI: PCI Interrupt Link [LNKD] (IRQs 5 9 10 *11)
[    0.528463] ACPI: Enabled 2 GPEs in block 00 to 07
[    0.529731] vgaarb: setting as boot device: PCI:0000:00:02.0
[    0.530718] vgaarb: device added: PCI:0000:00:02.0,decodes=io+mem,owns=io+mem,locks=none
[    0.532161] vgaarb: loaded
[    0.532817] vgaarb: bridge control possible 0000:00:02.0
[    0.533923] SCSI subsystem initialized
[    0.534866] ACPI: bus type USB registered
[    0.535725] usbcore: registered new interface driver usbfs
[    0.536662] usbcore: registered new interface driver hub
[    0.537568] usbcore: registered new device driver usb
[    0.538735] PCI: Using ACPI for IRQ routing
[    0.539899] NetLabel: Initializing
[    0.541258] NetLabel:  domain hash size = 128
[    0.542639] NetLabel:  protocols = UNLABELED CIPSOv4
[    0.543659] NetLabel:  unlabeled traffic allowed by default
[    0.544686] amd_nb: Cannot enumerate AMD northbridges
[    0.545538] clocksource: Switched to clocksource kvm-clock
[    0.554449] AppArmor: AppArmor Filesystem Enabled
[    0.555211] pnp: PnP ACPI init
[    0.556533] pnp: PnP ACPI: found 3 devices
[    0.566793] clocksource: acpi_pm: mask: 0xffffff max_cycles: 0xffffff, max_idle_ns: 2085701024 ns
[    0.568203] NET: Registered protocol family 2
[    0.569050] TCP established hash table entries: 8192 (order: 4, 65536 bytes)
[    0.570105] TCP bind hash table entries: 8192 (order: 5, 131072 bytes)
[    0.571075] TCP: Hash tables configured (established 8192 bind 8192)
[    0.572011] UDP hash table entries: 512 (order: 2, 16384 bytes)
[    0.572948] UDP-Lite hash table entries: 512 (order: 2, 16384 bytes)
[    0.574698] NET: Registered protocol family 1
[    0.575536] pci 0000:00:00.0: Limiting direct PCI/PCI transfers
[    0.576567] pci 0000:00:01.0: Activating ISA DMA hang workarounds
[    0.579914] Unpacking initramfs...
[    0.887667] Freeing initrd memory: 14888K
[    0.888487] clocksource: tsc: mask: 0xffffffffffffffff max_cycles: 0x2135fb8e938, max_idle_ns: 440795220508 ns
[    0.890405] platform rtc_cmos: registered platform RTC device (no PNP device found)
[    0.891785] Scanning for low memory corruption every 60 seconds
[    0.893123] audit: initializing netlink subsys (disabled)
[    0.894010] audit: type=2000 audit(1667995473.795:1): initialized
[    0.895143] Initialise system trusted keyring
[    0.896190] HugeTLB registered 2 MB page size, pre-allocated 0 pages
[    0.898372] zbud: loaded
[    0.899268] VFS: Disk quotas dquot_6.6.0
[    0.899987] VFS: Dquot-cache hash table entries: 512 (order 0, 4096 bytes)
[    0.901191] squashfs: version 4.0 (2009/01/31) Phillip Lougher
[    0.902430] fuse init (API version 7.23)
[    0.903368] Key type big_key registered
[    0.904367] Allocating IMA MOK and blacklist keyrings.
[    0.910423] Key type asymmetric registered
[    0.911161] Asymmetric key parser 'x509' registered
[    0.912025] Block layer SCSI generic (bsg) driver version 0.4 loaded (major 249)
[    0.913454] io scheduler noop registered
[    0.914266] io scheduler deadline registered (default)
[    0.915077] io scheduler cfq registered
[    0.915786] pci_hotplug: PCI Hot Plug PCI Core version: 0.5
[    0.916634] pciehp: PCI Express Hot Plug Controller Driver version: 0.4
[    0.917737] ACPI: AC Adapter [AC] (on-line)
[    0.918467] input: Power Button as /devices/LNXSYSTM:00/LNXPWRBN:00/input/input0
[    0.919671] ACPI: Power Button [PWRF]
[    0.920330] input: Sleep Button as /devices/LNXSYSTM:00/LNXSLPBN:00/input/input1
[    0.921659] ACPI: Sleep Button [SLPF]
[    0.923159] ACPI: Battery Slot [BAT0] (battery present)
[    0.924415] GHES: HEST is not enabled!
[    0.925350] Serial: 8250/16550 driver, 32 ports, IRQ sharing enabled
[    0.946810] 00:02: ttyS0 at I/O 0x3f8 (irq = 4, base_baud = 115200) is a 16550A
[    0.950133] Linux agpgart interface v0.103
[    0.952142] loop: module loaded
[    0.953201] scsi host0: ata_piix
[    0.953954] scsi host1: ata_piix
[    0.954576] ata1: PATA max UDMA/33 cmd 0x1f0 ctl 0x3f6 bmdma 0xd000 irq 14
[    0.955607] ata2: PATA max UDMA/33 cmd 0x170 ctl 0x376 bmdma 0xd008 irq 15
[    0.956939] libphy: Fixed MDIO Bus: probed
[    0.957717] tun: Universal TUN/TAP device driver, 1.6
[    0.958681] tun: (C) 1999-2004 Max Krasnyansky <maxk@qualcomm.com>
[    0.959716] PPP generic driver version 2.4.2
[    0.960531] ehci_hcd: USB 2.0 'Enhanced' Host Controller (EHCI) Driver
[    0.961538] ehci-pci: EHCI PCI platform driver
[    0.962369] ehci-platform: EHCI generic platform driver
[    0.963303] ohci_hcd: USB 1.1 'Open' Host Controller (OHCI) Driver
[    0.964302] ohci-pci: OHCI PCI platform driver
[    0.965051] ohci-platform: OHCI generic platform driver
[    0.965937] uhci_hcd: USB Universal Host Controller Interface driver
[    0.967069] i8042: PNP: PS/2 Controller [PNP0303:PS2K,PNP0f03:PS2M] at 0x60,0x64 irq 1,12
[    0.968903] serio: i8042 KBD port at 0x60,0x64 irq 1
[    0.969767] serio: i8042 AUX port at 0x60,0x64 irq 12
[    0.970806] mousedev: PS/2 mouse device common for all mice
[    0.972035] input: AT Translated Set 2 keyboard as /devices/platform/i8042/serio0/input/input2
[    0.974225] rtc_cmos rtc_cmos: rtc core: registered rtc_cmos as rtc0
[    0.975283] rtc_cmos rtc_cmos: alarms up to one day, 114 bytes nvram
[    0.976650] i2c /dev entries driver
[    0.977385] device-mapper: uevent: version 1.0.3
[    0.978324] device-mapper: ioctl: 4.34.0-ioctl (2015-10-28) initialised: dm-devel@redhat.com
[    0.979824] ledtrig-cpu: registered to indicate activity on CPUs
[    0.981131] NET: Registered protocol family 10
[    0.982021] NET: Registered protocol family 17
[    0.982824] Key type dns_resolver registered
[    0.984085] registered taskstats version 1
[    0.984760] Loading compiled-in X.509 certificates
[    0.986058] Loaded X.509 cert 'Build time autogenerated kernel key: cf00e047681d67edb2720680708b7d9498083038'
[    0.987726] zswap: loaded using pool lzo/zbud
[    0.990130] Key type trusted registered
[    0.993355] Key type encrypted registered
[    0.994239] AppArmor: AppArmor sha1 policy hashing enabled
[    0.995107] ima: No TPM chip found, activating TPM-bypass!
[    0.995941] ima: Allocated hash algorithm: sha1
[    0.996667] evm: HMAC attrs: 0x1
[    0.997538]   Magic number: 14:491:76
[    0.998290] rtc_cmos rtc_cmos: setting system clock to 2022-11-09 12:04:29 UTC (1667995469)
[    0.999769] BIOS EDD facility v0.16 2004-Jun-25, 0 devices found
[    1.000658] EDD information not available.
[    1.134997] Freeing unused kernel memory: 1492K
[    1.136068] Write protecting the kernel read-only data: 14336k
[    1.137587] Freeing unused kernel memory: 1584K
[    1.138534] Freeing unused kernel memory: 52K
Loading, please wait...
starting version 229
[    1.152759] random: systemd-udevd: uninitialized urandom read (16 bytes read, 3 bits of entropy available)
[    1.153254] random: udevadm: uninitialized urandom read (16 bytes read, 3 bits of entropy available)
[    1.153272] random: udevadm: uninitialized urandom read (16 bytes read, 3 bits of entropy available)
[    1.158475] random: systemd-udevd: uninitialized urandom read (16 bytes read, 3 bits of entropy available)
[    1.159832] random: udevadm: uninitialized urandom read (16 bytes read, 3 bits of entropy available)
[    1.159889] random: udevadm: uninitialized urandom read (16 bytes read, 3 bits of entropy available)
[    1.160022] random: udevadm: uninitialized urandom read (16 bytes read, 3 bits of entropy available)
[    1.160059] random: udevadm: uninitialized urandom read (16 bytes read, 3 bits of entropy available)
[    1.160098] random: udevadm: uninitialized urandom read (16 bytes read, 3 bits of entropy available)
[    1.160137] random: udevadm: uninitialized urandom read (16 bytes read, 3 bits of entropy available)
[    1.199748] e1000: Intel(R) PRO/1000 Network Driver - version 7.3.21-k8-NAPI
[    1.201062] e1000: Copyright (c) 1999-2006 Intel Corporation.
[    1.214703] Fusion MPT base driver 3.04.20
[    1.215722] Copyright (c) 1999-2008 LSI Corporation
[    1.232404] AVX2 version of gcm_enc/dec engaged.
[    1.233784] AES CTR mode by8 optimization enabled
[    1.249391] Fusion MPT SPI Host driver 3.04.20
[    1.418964] input: ImExPS/2 Generic Explorer Mouse as /devices/platform/i8042/serio1/input/input4
[    1.602349] e1000 0000:00:03.0 eth0: (PCI:33MHz:32-bit) 02:be:82:6b:cc:1d
[    1.603527] e1000 0000:00:03.0 eth0: Intel(R) PRO/1000 Network Connection
[    1.605636] mptbase: ioc0: Initiating bringup
[    1.669725] ioc0: LSI53C1030 A0: Capabilities={Initiator}
[    1.833114] scsi host2: ioc0: LSI53C1030 A0, FwRev=00000000h, Ports=1, MaxQ=256, IRQ=20
[    1.950882] scsi 2:0:0:0: Direct-Access     VBOX     HARDDISK         1.0  PQ: 0 ANSI: 5
[    1.953388] scsi target2:0:0: Beginning Domain Validation
[    1.955586] scsi target2:0:0: Domain Validation skipping write tests
[    1.957045] scsi target2:0:0: Ending Domain Validation
[    1.958353] scsi target2:0:0: asynchronous
[    1.960161] scsi 2:0:1:0: Direct-Access     VBOX     HARDDISK         1.0  PQ: 0 ANSI: 5
[    1.961782] scsi target2:0:1: Beginning Domain Validation
[    1.963747] scsi target2:0:1: Domain Validation skipping write tests
[    1.965009] scsi target2:0:1: Ending Domain Validation
[    1.966134] scsi target2:0:1: asynchronous
[    1.971808] sd 2:0:0:0: Attached scsi generic sg0 type 0
[    1.984259] sd 2:0:0:0: [sda] 83886080 512-byte logical blocks: (42.9 GB/40.0 GiB)
[    1.986097] sd 2:0:0:0: [sda] Write Protect is off
[    1.987031] sd 2:0:0:0: [sda] Incomplete mode parameter data
[    1.988002] sd 2:0:0:0: [sda] Assuming drive cache: write through
[    1.991785] sd 2:0:1:0: Attached scsi generic sg1 type 0
[    1.994694]  sda: sda1
[    1.995680] sd 2:0:0:0: [sda] Attached SCSI disk
[    1.997132] sd 2:0:1:0: [sdb] 20480 512-byte logical blocks: (10.5 MB/10.0 MiB)
[    2.001652] sd 2:0:1:0: [sdb] Write Protect is off
[    2.002515] sd 2:0:1:0: [sdb] Incomplete mode parameter data
[    2.003593] sd 2:0:1:0: [sdb] Assuming drive cache: write through
[    2.006928] sd 2:0:1:0: [sdb] Attached SCSI disk
[    2.353835] e1000 0000:00:08.0 eth1: (PCI:33MHz:32-bit) 08:00:27:fc:82:87
[    2.354989] e1000 0000:00:08.0 eth1: Intel(R) PRO/1000 Network Connection
[    2.357225] e1000 0000:00:03.0 enp0s3: renamed from eth0
[    2.374105] e1000 0000:00:08.0 enp0s8: renamed from eth1
Begin: Loading essential drivers ... [    3.658124] md: linear personality registered for level -1
[    3.660885] md: multipath personality registered for level -4
[    3.663733] md: raid0 personality registered for level 0
[    3.667086] md: raid1 personality registered for level 1
[    3.738136] raid6: sse2x1   gen() 10283 MB/s
[    3.805559] raid6: sse2x1   xor()  7277 MB/s
[    3.874319] raid6: sse2x2   gen() 14495 MB/s
[    3.941751] raid6: sse2x2   xor()  9187 MB/s
[    4.009969] raid6: sse2x4   gen() 16491 MB/s
[    4.078213] raid6: sse2x4   xor()  9818 MB/s
[    4.145595] raid6: avx2x1   gen() 20462 MB/s
[    4.213970] raid6: avx2x2   gen() 27821 MB/s
[    4.281801] raid6: avx2x4   gen() 27022 MB/s
[    4.282976] raid6: using algorithm avx2x2 gen() 27821 MB/s
[    4.284206] raid6: using avx2x2 recovery algorithm
[    4.286107] xor: automatically using best checksumming function:
[    4.325643]    avx       : 29568.000 MB/sec
[    4.329369] async_tx: api initialized (async)
[    4.340550] md: raid6 personality registered for level 6
[    4.342349] md: raid5 personality registered for level 5
[    4.344399] md: raid4 personality registered for level 4
[    4.351335] md: raid10 personality registered for level 10
done.
Begin: Running /scripts/init-premount ... done.
Begin: Mounting root file system ... Begin: Running /scripts/local-top ... done.
Begin: Running /scripts/local-premount ... [    4.388984] Btrfs loaded
Scanning for Btrfs filesystems
done.
Warning: fsck not present, so skipping root file system
[    4.422230] EXT4-fs (sda1): mounted filesystem with ordered data mode. Opts: (null)
done.
Begin: Running /scripts/local-bottom ... done.
Begin: Running /scripts/init-bottom ... done.
[    4.544473] systemd[1]: systemd 229 running in system mode. (+PAM +AUDIT +SELINUX +IMA +APPARMOR +SMACK +SYSVINIT +UTMP +LIBCRYPTSETUP +GCRYPT +GNUTLS +ACL +XZ -LZ4 +SECCOMP +BLKID +ELFUTILS +KMOD -IDN)
[    4.547776] systemd[1]: Detected virtualization oracle.
[    4.548689] systemd[1]: Detected architecture x86-64.

Welcome to [1mUbuntu 16.04.7 LTS[0m!

[    4.551933] systemd[1]: Set hostname to <ubuntu>.
[    4.554520] systemd[1]: Initializing machine ID from random generator.
[    4.557308] systemd[1]: Installed transient /etc/machine-id file.
[    4.703274] systemd[1]: Reached target Encrypted Volumes.
[[0;32m  OK  [0m] Reached target Encrypted Volumes.
[    4.705794] systemd[1]: Listening on Device-mapper event daemon FIFOs.
[[0;32m  OK  [0m] Listening on Device-mapper event daemon FIFOs.
[    4.709284] systemd[1]: Listening on Journal Audit Socket.
[[0;32m  OK  [0m] Listening on Journal Audit Socket.
[    4.711390] systemd[1]: Listening on udev Kernel Socket.
[[0;32m  OK  [0m] Listening on udev Kernel Socket.
[    4.712968] systemd[1]: Started Forward Password Requests to Wall Directory Watch.
[[0;32m  OK  [0m] Started Forward Password Requests to Wall Directory Watch.
[    4.715165] systemd[1]: Reached target System Time Synchronized.
[[0;32m  OK  [0m] Reached target System Time Synchronized.
[    4.717087] systemd[1]: Created slice User and Session Slice.
[[0;32m  OK  [0m] Created slice User and Session Slice.
[    4.718732] systemd[1]: Listening on Journal Socket.
[[0;32m  OK  [0m] Listening on Journal Socket.
[    4.720173] systemd[1]: Listening on udev Control Socket.
[[0;32m  OK  [0m] Listening on udev Control Socket.
[    4.722754] systemd[1]: Listening on LVM2 metadata daemon socket.
[[0;32m  OK  [0m] Listening on LVM2 metadata daemon socket.
[    4.726167] systemd[1]: Listening on Journal Socket (/dev/log).
[[0;32m  OK  [0m] Listening on Journal Socket (/dev/log).
[    4.728681] systemd[1]: Listening on fsck to fsckd communication Socket.
[[0;32m  OK  [0m] Listening on fsck to fsckd communication Socket.
[    4.730814] systemd[1]: Set up automount Arbitrary Executable File Formats File System Automount Point.
[[0;32m  OK  [0m] Set up automount Arbitrary Executab...ats File System Automount Point.
[    4.733443] systemd[1]: Started Trigger resolvconf update for networkd DNS.
[[0;32m  OK  [0m] Started Trigger resolvconf update for networkd DNS.
[    4.735389] systemd[1]: Listening on LVM2 poll daemon socket.
[[0;32m  OK  [0m] Listening on LVM2 poll daemon socket.
[    4.737011] systemd[1]: Listening on Syslog Socket.
[[0;32m  OK  [0m] Listening on Syslog Socket.
[    4.739697] systemd[1]: Reached target Swap.
[[0;32m  OK  [0m] Reached target Swap.
[    4.742293] systemd[1]: Reached target User and Group Name Lookups.
[[0;32m  OK  [0m] Reached target User and Group Name Lookups.
[    4.745642] systemd[1]: Created slice System Slice.
[[0;32m  OK  [0m] Created slice System Slice.
[    4.762306] systemd[1]: Starting Uncomplicated firewall...
         Starting Uncomplicated firewall...
[    4.766198] systemd[1]: Starting Load Kernel Modules...
         Starting Load Kernel Modules...
[    4.768107] systemd[1]: Starting File System Check on Root Device...
         Starting File System Check on Root Device...
[    4.770860] systemd[1]: Mounting POSIX Message Queue File System...
         Mounting POSIX Message Queue File System...
[    4.782060] systemd[1]: Starting Monitoring of LVM2 mirrors, snapshots etc. using dmeventd or progress polling...
         Starting Monitoring of LVM2 mirrors... dmeventd or progress polling...
[    4.785114] Loading iSCSI transport class v2.0-870.
[    4.787769] systemd[1]: Starting Journal Service...
         Starting Journal Service...
[    4.792885] systemd[1]: Mounting Huge Pages File System...
         Mounting Huge Pages File System...
[    4.797496] systemd[1]: Created slice system-serial\x2dgetty.slice.
[[0;32m  OK  [0m] Created slice system-serial\x2dgetty.slice.
[    4.800059] systemd[1]: Mounting Debug File System...
         Mounting Debug File System...
[    4.804784] systemd[1]: Reached target Slices.
[[0;32m  OK  [0m] Reached target Slices.
[    4.812954] systemd[1]: Starting Create list of required static device nodes for the current kernel...
         [    4.815355] iscsi: registered transport (tcp)
Starting Create list of required st... nodes for the current kernel...
[    4.817961] systemd[1]: Starting Nameserver information manager...
         Starting Nameserver information manager...
[    4.820537] systemd[1]: Starting Set console keymap...
         Starting Set console keymap...
[    4.823738] systemd[1]: Listening on /dev/initctl Compatibility Named Pipe.
[[0;32m  OK  [0m] Listening on /dev/initctl Compatibility Named Pipe.
[    4.831753] systemd[1]: Mounted Huge Pages File System.
[[0;32m  OK  [0m] Mounted Huge Pages File System.
[    4.834088] systemd[1]: Mounted POSIX Message Queue File System.
[[0;32m  OK  [0m] Mounted POSIX Message Queue File System.
[    4.836169] systemd[1]: Mounted Debug File System.
[[0;32m  OK  [0m] Mounted Debug File System.
[    4.838839] systemd[1]: Started Uncomplicated firewall.
[[0;32m  OK  [0m] Started Uncomplicated firewall.
[    4.845532] systemd[1]: Started Create list of required static device nodes for the current kernel.
[[0;32m  OK  [0m] Started Create list of required sta...ce nodes for the current kernel.
[    4.849049] systemd[1]: Started File System Check on Root Device.
[[0;32m  OK  [0m] Started File System Check on Root Device.
[    4.863606] systemd[1]: Started Journal Service.
[[0;32m  OK  [0m] Started Journal Service.
[[0;32m  OK  [0m] Started File System Check Daemon to report status.
[[0;32m  OK  [0m] Started LVM2 metadata daemon.
         Starting Remount Root and Kernel File Systems...
         Starting Create Static Device Nodes in /dev...
[[0;32m  OK  [0m] Started Nameserver information manager.
[    4.884063] EXT4-fs (sda1): re-mounted. Opts: (null)
[[0;32m  OK  [0m] Started Remount Root and Kernel File Systems.
         Starting Flush Journal to Persistent Storage...
         Starting udev Coldplug all Devices...
         Starting Load/Save Random Seed...
[[0;32m  OK  [0m] Started Load/Save Random Seed.
[    4.901934] systemd-journald[383]: Received request to flush runtime journal from PID 1
[[0;32m  OK  [0m] Started Flush Journal to Persistent Storage.
[[0;32m  OK  [0m] Started Create Static Device Nodes in /dev.
[    4.920927] iscsi: registered transport (iser)
         Starting udev Kernel Device Manager...
[[0;32m  OK  [0m] Started Load Kernel Modules.
[[0;32m  OK  [0m] Started Set console keymap.
         Mounting FUSE Control File System...
         Starting Apply Kernel Variables...
[[0;32m  OK  [0m] Mounted FUSE Control File System.
[[0;32m  OK  [0m] Started Apply Kernel Variables.
[[0;32m  OK  [0m] Started udev Coldplug all Devices.
[[0;32m  OK  [0m] Started udev Kernel Device Manager.
[[0;32m  OK  [0m] Started Dispatch Password Requests to Console Directory Watch.
[[0;32m  OK  [0m] Started Monitoring of LVM2 mirrors,...ng dmeventd or progress polling.
[[0;32m  OK  [0m] Reached target Local File Systems (Pre).
[[0;32m  OK  [0m] Reached target Local File Systems.
         Starting LSB: AppArmor initialization...
         Starting Create Volatile Files and Directories...
         Starting Commit a transient machine-id on disk...
         Starting Set console font and keymap...
         Starting Initial cloud-init job (pre-networking)...
         Starting Tell Plymouth To Write Out Runtime Data...
[[0;32m  OK  [0m] Started Create Volatile Files and Directories.
         Starting Update UTMP about System Boot/Shutdown...
[[0;32m  OK  [0m] Started Tell Plymouth To Write Out Runtime Data.
[[0;32m  OK  [0m] Started Update UTMP about System Boot/Shutdown.
[[0;32m  OK  [0m] Started Commit a transient machine-id on disk.
[[0;32m  OK  [0m] Found device /dev/ttyS0.
[[0;32m  OK  [0m] Listening on Load/Save RF Kill Switch Status /dev/rfkill Watch.
[[0;32m  OK  [0m] Started Set console font and keymap.
[[0;32m  OK  [0m] Started LSB: AppArmor initialization.
[    6.260653] cloud-init[497]: Cloud-init v. 21.1-19-gbad84ad4-0ubuntu1~16.04.2 running 'init-local' at Wed, 09 Nov 2022 12:04:34 +0000. Up 5.93 seconds.
         Starting Load AppArmor profiles managed internally by snapd...
[[0;32m  OK  [0m] Created slice system-getty.slice.
[[0;32m  OK  [0m] Started Initial cloud-init job (pre-networking).
[[0;32m  OK  [0m] Started Load AppArmor profiles managed internally by snapd.
[[0;32m  OK  [0m] Reached target Network (Pre).
         Starting Raise network interfaces...
[[0;32m  OK  [0m] Started Raise network interfaces.
[[0;32m  OK  [0m] Reached target Network.
         Starting Initial cloud-init job (metadata service crawler)...
[    7.265860] cloud-init[960]: Cloud-init v. 21.1-19-gbad84ad4-0ubuntu1~16.04.2 running 'init' at Wed, 09 Nov 2022 12:04:35 +0000. Up 6.79 seconds.
[    7.276495] cloud-init[960]: ci-info: ++++++++++++++++++++++++++++++++++++++Net device info+++++++++++++++++++++++++++++++++++++++
[    7.285168] cloud-init[960]: ci-info: +--------+-------+----------------------------+---------------+--------+-------------------+
[    7.293009] cloud-init[960]: ci-info: | Device |   Up  |          Address           |      Mask     | Scope  |     Hw-Address    |
[    7.304566] cloud-init[960]: ci-info: +--------+-------+----------------------------+---------------+--------+-------------------+
[[0;32m  OK  [0m] Started Initial cloud-init job (metadata service crawler).
[    7.304680] cloud-init[960]: ci-info: | enp0s3 |  True |         10.0.2.15          | 255.255.255.0 | global | 02:be:82:6b:cc:1d |
[    7.314656] cloud-init[960]: ci-info: | enp0s3 |  True | fe80::be:82ff:fe6b:cc1d/64 |       .       |  link  | 02:be:82:6b:cc:1d |
[    7.314805] cloud-init[960]: [ci-info: | enp0s8 | False |             .              |       .       |   .    | 08:00:27:fc:82:87 |[0;32m  OK  [0m
] Reached target Network is Online.
[    7.314880] cloud-init[960]: ci-info: |   lo   |  True |         127.0.0.1          |   255.0.0.0   |  host  |         .         |
[    7.319120] cloud-init[960]: ci-info: |   lo   |  True |          ::1/128           |       .       |  host  |         .         |
[    7.320662] cloud-init[960]: ci-info: +--------+-------+----------------------------+---------------+--------+-------------------+
[    7.322066] cloud-init[960]: ci-info: +++++++++++++++++++++++++++Route IPv4 info++++++++++++++++++++++++++++
[    7.323194] cloud-init[960]: ci-info: +-------+-------------+----------+---------------+-----------+-------+
[    7.324429] cloud-init[960]: ci-info: | Route | Destination | Gateway  |    Genmask    | Interface | Flags |
[    7.325557] cloud-init[960]: ci-info: +-------+-------------+----------+---------------+-----------+-------+
[    7.326684] cloud-init[960]: ci-info: |   0   |   0.0.0.0   | 10.0.2.2 |    0.0.0.0    |   enp0s3  |   UG  |
[    7.327847] cloud-init[960]: ci-info: |   1   |   10.0.2.0  | 0.0.0.0  | 255.255.255.0 |   enp0s3  |   U   |
[    7.336780] cloud-init[960]: ci-info: +-------+-------------+----------+---------------+-----------+-------+
[    7.336935] cloud-init[960]: ci-info: +++++++++++++++++++Route IPv6 info+++++++++++++++++++
[    7.337222] cloud-init[960]: ci-info: +-------+-------------+---------+-----------+-------+
[    7.337444] cloud-init[960]: ci-info: | Route | Destination | Gateway | Interface | Flags |
[    7.337690] cloud-init[960]: ci-info: +-------+-------------+---------+-----------+-------+
[    7.337992] cloud-init[960]: ci-info: |   0   |  fe80::/64  |    ::   |   enp0s3  |   U   |
[    7.338321] cloud-init[960]: ci-info: |   3   |   ff00::/8  |    ::   |   enp0s3  |   U   |
[    7.338646] cloud-init[960]: ci-info: +-------+-------------+---------+-----------+-------+
[    7.338936] cloud-init[960]: Generating public/private rsa key pair.
[    7.339191] cloud-init[960]: Your identification has been saved in /etc/ssh/ssh_host_rsa_key.
[    7.339432] cloud-init[960]: Your public key has been saved in /etc/ssh/ssh_host_rsa_key.pub.
[    7.339817] cloud-init[960]: The key fingerprint is:
[    7.340329] cloud-init[960]: SHA256:gTS1SRAH0F8eWliisEUoEuZnX8WJfx/yZa2wD/WTLHc root@ubuntu-xenial
[    7.340703] cloud-init[960]: The key's randomart image is:
[    7.340964] cloud-init[960]: +---[RSA 2048]----+
[    7.341217] cloud-init[960]: |.o  o=O=B+o      |
[    7.341464] cloud-init[960]: |+ . .=.Bo*+      |
[    7.341714] cloud-init[960]: | o +. oo== .    .|
[    7.341969] cloud-init[960]: |  o . . oo.o...o.|
[    7.342207] cloud-init[960]: |     .  S . ++=o.|
[    7.342461] cloud-init[960]: |            o+.=E|
[    7.342684] cloud-init[960]: |             oo o|
[    7.342936] cloud-init[960]: |              .  |
[    7.343186] cloud-init[960]: |                 |
[    7.343442] cloud-init[960]: +----[SHA256]-----+
[    7.343677] cloud-init[960]: Generating public/private dsa key pair.
[    7.343935] cloud-init[960]: Your identification has been saved in /etc/ssh/ssh_host_dsa_key.
[    7.344304] cloud-init[960]: Your public key has been saved in /etc/ssh/ssh_host_dsa_key.pub.
[    7.344669] cloud-init[960]: The key fingerprint is:
[    7.344927] cloud-init[960]: SHA256:PL0Llzb4GYYldcKSbhnoSsZQdh2h09+Zifn7can6mzQ root@ubuntu-xenial
[    7.345182] cloud-init[960]: The key's randomart image is:
[    7.345458] cloud-init[960]: +---[DSA 1024]----+
[    7.345714] cloud-init[960]: |    o ..oo       |
[    7.345949] cloud-init[960]: |   o . +.o       |
[    7.346190] cloud-init[960]: |  .   + = + .    |
[    7.346324] cloud-init[960]: |   o . + B * +   |
[    7.346688] cloud-init[960]: |    + . S * =    |
[    7.346999] cloud-init[960]: |   o . . * +    .|
[    7.347309] cloud-init[960]: |    .   + O .E...|
[    7.347792] cloud-init[960]: |         * =..+o |
[    7.348357] cloud-init[960]: |          +.+*o  |
[    7.348602] cloud-init[960]: +----[SHA256]-----+
[    7.348865] cloud-init[960]: Generating public/private ecdsa key pair.
[    7.349131] cloud-init[960]: Your identification has been saved in /etc/ssh/ssh_host_ecdsa_key.
[    7.349406] cloud-init[960]: Your public key has been saved in /etc/ssh/ssh_host_ecdsa_key.pub.
[    7.349658] cloud-init[960]: The key fingerprint is:
[    7.349935] cloud-init[960]: SHA256:dXdlfW9kA8r91A6UZA9JvIpDYsHAbRHUX9cRd0o9CnU root@ubuntu-xenial
[    7.350212] cloud-init[960]: The key's randomart image is:
[    7.350629] cloud-init[960]: +---[ECDSA 256]---+
[    7.350901] cloud-init[960]: |     ..=++  .*OEX|
[    7.351137] cloud-init[960]: |      . = o.o+*B&|
[    7.351501] cloud-init[960]: |       . ..+oo=*O|
[    7.351742] cloud-init[960]: |        o....o++o|
[    7.352015] cloud-init[960]: |       .So . . o.|
[    7.352427] cloud-init[960]: |          o .    |
[    7.352684] cloud-init[960]: |           .     |
[    7.352955] cloud-init[960]: |                 |
[    7.353240] cloud-init[960]: |                 |
[    7.353463] cloud-init[960]: +----[SHA256]-----+
[    7.353708] cloud-init[960]: Generating public/private ed25519 key pair.
[    7.353977] cloud-init[960]: Your identification has been saved in /etc/ssh/ssh_host_ed25519_key.
[    7.354247] cloud-init[960]: Your public key has been saved in /etc/ssh/ssh_host_ed25519_key.pub.
[    7.354501] cloud-init[960]: The key fingerprint is:
[    7.354771] cloud-init[960]: SHA256:iT8jx3g9L+g0pUTtV4NGvcMiMgtI8pqxS0viNhGEYIo root@ubuntu-xenial
[    7.355027] cloud-init[960]: The key's randomart image is:
[    7.355274] cloud-init[960]: +--[ED25519 256]--+
[    7.355510] cloud-init[960]: |+.          ..   |
[    7.355749] cloud-init[960]: |=.. .    . . ..  |
[    7.356212] cloud-init[960]: |E  + .  . . o.o. |
[    7.356426] cloud-init[960]: | .. o .ooo....+. |
[    7.356674] cloud-init[960]: |  .=  ..S+o... . |
[    7.356942] cloud-init[960]: |..*    =.+ .     |
[    7.357197] cloud-init[960]: |.+.o  o @.o      |
[    7.357436] cloud-init[960]: | +o    =.+.o     |
[    7.357683] cloud-init[960]: |. .    ..  ..    |
[    7.357947] cloud-init[960]: +----[SHA256]-----+
         Starting iSCSI initiator daemon (iscsid)...
[[0;32m  OK  [0m] Reached target System Initialization.
[[0;32m  OK  [0m] Listening on D-Bus System Message Bus Socket.
[[0;32m  OK  [0m] Listening on UUID daemon activation socket.
[[0;32m  OK  [0m] Started Daily Cleanup of Temporary Directories.
[[0;32m  OK  [0m] Started Message of the Day.
[[0;32m  OK  [0m] Started ACPI Events Check.
[[0;32m  OK  [0m] Reached target Paths.
[[0;32m  OK  [0m] Started Daily apt download activities.
[[0;32m  OK  [0m] Started Daily apt upgrade and clean activities.
         Starting LXD - unix socket.
[[0;32m  OK  [0m] Listening on ACPID Listen Socket.
[[0;32m  OK  [0m] Started Ubuntu Advantage update messaging.
[[0;32m  OK  [0m] Reached target Timers.
         Starting Socket activation for snappy daemon.
[[0;32m  OK  [0m] Reached target Cloud-config availability.
[[0;32m  OK  [0m] Listening on LXD - unix socket.
[[0;32m  OK  [0m] Listening on Socket activation for snappy daemon.
[[0;32m  OK  [0m] Reached target Sockets.
[[0;32m  OK  [0m] Reached target Basic System.
         Starting LSB: Record successful boot for GRUB...
         Starting LSB: MD monitoring daemon...
         Starting Accounts Service...
[[0;32m  OK  [0m] Started ACPI event daemon.
         Starting Pollinate to seed the pseudo random number generator...
         Starting /etc/rc.local Compatibility...
         Starting Login Service...
[[0;32m  OK  [0m] Started Regular background program processing daemon.
[[0;32m  OK  [0m] Started FUSE filesystem for LXC.
         Starting Snap Daemon...
         Starting LXD - container startup/shutdown...
         Starting Virtualbox guest utils...
[[0;32m  OK  [0m] Started Deferred execution scheduler.
[[0;32m  OK  [0m] Started D-Bus System Message Bus.
         Starting System Logging Service...
[[0;32m  OK  [0m] Started iSCSI initiator daemon (iscsid).
[[0;32m  OK  [0m] Started /etc/rc.local Compatibility.
         Starting Login to default iSCSI targets...
[[0;32m  OK  [0m] Started Login Service.
[[0;32m  OK  [0m] Started Unattended Upgrades Shutdown.
[[0;32m  OK  [0m] Started LSB: Record successful boot for GRUB.
         Starting Authenticate and Authorize Users to Run Privileged Tasks...
[[0;32m  OK  [0m] Started System Logging Service.
[[0;32m  OK  [0m] Started LSB: MD monitoring daemon.
[[0;32m  OK  [0m] Started Login to default iSCSI targets.
[[0;32m  OK  [0m] Reached target Remote File Systems (Pre).
[[0;32m  OK  [0m] Reached target Remote File Systems.
         Starting Permit User Sessions...
         Starting LSB: Set the CPU Frequency Scaling governor to "ondemand"...
         Starting LSB: daemon to balance interrupts for SMP systems...
         Starting LSB: automatic crash report generation...
[[0;32m  OK  [0m] Started Permit User Sessions.
         Starting Hold until boot process finishes up...
         Starting Terminate Plymouth Boot Screen...
[[0;32m  OK  [0m] Started Hold until boot process finishes up.
[[0;32m  OK  [0m] Started Serial Getty on ttyS0.
[[0;32m  OK  [0m] Started Getty on tty1.
[[0;32m  OK  [0m] Reached target Login Prompts.
         Starting Set console scheme...
[[0;32m  OK  [0m] Started Terminate Plymouth Boot Screen.
[[0;32m  OK  [0m] Started Set console scheme.
[[0;32m  OK  [0m] Started Authenticate and Authorize Users to Run Privileged Tasks.
[[0;32m  OK  [0m] Started Accounts Service.
[[0;32m  OK  [0m] Started LSB: Set the CPU Frequency Scaling governor to "ondemand".
[[0;32m  OK  [0m] Started LSB: automatic crash report generation.
[[0;32m  OK  [0m] Started LSB: daemon to balance interrupts for SMP systems.
[[0;32m  OK  [0m] Started Virtualbox guest utils.
[[0;32m  OK  [0m] Started LXD - container startup/shutdown.
[[0;32m  OK  [0m] Started Snap Daemon.
         Starting Wait until snapd is fully seeded...
[[0;32m  OK  [0m] Started Wait until snapd is fully seeded.
         Starting Apply the settings specified in cloud-config...
[    9.701342] cloud-init[1282]: Generating locales (this might take a while)...
[   10.334576] cloud-init[1282]:   en_US.UTF-8... done
[   10.335450] cloud-init[1282]: Generation complete.
[   10.566917] cloud-init[1282]: Cloud-init v. 21.1-19-gbad84ad4-0ubuntu1~16.04.2 running 'modules:config' at Wed, 09 Nov 2022 12:04:38 +0000. Up 9.62 seconds.
[[0;32m  OK  [0m] Started Apply the settings specified in cloud-config.

Ubuntu 16.04.7 LTS ubuntu-xenial ttyS0

ubuntu-xenial login: ci-info: no authorized SSH keys fingerprints found for user ubuntu.
<14>Nov  9 12:04:46 ec2: 
<14>Nov  9 12:04:46 ec2: #############################################################
<14>Nov  9 12:04:46 ec2: -----BEGIN SSH HOST KEY FINGERPRINTS-----
<14>Nov  9 12:04:46 ec2: 1024 SHA256:PL0Llzb4GYYldcKSbhnoSsZQdh2h09+Zifn7can6mzQ root@ubuntu-xenial (DSA)
<14>Nov  9 12:04:46 ec2: 256 SHA256:dXdlfW9kA8r91A6UZA9JvIpDYsHAbRHUX9cRd0o9CnU root@ubuntu-xenial (ECDSA)
<14>Nov  9 12:04:46 ec2: 256 SHA256:iT8jx3g9L+g0pUTtV4NGvcMiMgtI8pqxS0viNhGEYIo root@ubuntu-xenial (ED25519)
<14>Nov  9 12:04:46 ec2: 2048 SHA256:gTS1SRAH0F8eWliisEUoEuZnX8WJfx/yZa2wD/WTLHc root@ubuntu-xenial (RSA)
<14>Nov  9 12:04:46 ec2: -----END SSH HOST KEY FINGERPRINTS-----
<14>Nov  9 12:04:46 ec2: #############################################################
-----BEGIN SSH HOST KEY KEYS-----
ecdsa-sha2-nistp256 AAAAE2VjZHNhLXNoYTItbmlzdHAyNTYAAAAIbmlzdHAyNTYAAABBBBNu2FRffDGZQ4I6Pu6hkP15BPoj/FUiIhJDg2//WdTkDQ3y7AOsn5DFMxp3gj9LMnH6b5LMd0hSj2xcgmvTIGc= root@ubuntu-xenial
ssh-ed25519 AAAAC3NzaC1lZDI1NTE5AAAAIPC9zyq7Bng6sIY0CIAlZByXsaz/AUkiWzVBwlUXjHBA root@ubuntu-xenial
ssh-rsa AAAAB3NzaC1yc2EAAAADAQABAAABAQDsn2sV28C30ng4sDZagPb08D3FHAeXM52bnLKK6HhO5RvlNrV5xK97Z1rHcUeqRQiLbRz60FgtiFnbv8FfG/bY5iDkxNsYqR4/n46UbRzWF7JXs3YGJgzMOEIPF3MlDQTduMxsGcmduFAEMelzWrBe30jNOFXl3c4bjTqu3BZB8Js5O7b86zw8QfqOGXC7Ttdfizc5Y1/mBvVB7bsb0iHF80Ui0cnmvxxtQSUZf91pdWoxmdokrk9loQVnH1qNPVOTnGL3aocaAPNBPHm3jCCe4FUD+tLGdK/+IlcWA3B7EbXxl2GKbhccHBQHsMtei3TBsOFpEmw/N44YWnuJ9yeR root@ubuntu-xenial
-----END SSH HOST KEY KEYS-----
[   18.120869] cloud-init[1337]: Cloud-init v. 21.1-19-gbad84ad4-0ubuntu1~16.04.2 running 'modules:final' at Wed, 09 Nov 2022 12:04:46 +0000. Up 17.98 seconds.
[   18.121037] cloud-init[1337]: ci-info: no authorized SSH keys fingerprints found for user ubuntu.
[   18.121315] cloud-init[1337]: Cloud-init v. 21.1-19-gbad84ad4-0ubuntu1~16.04.2 finished at Wed, 09 Nov 2022 12:04:46 +0000. Datasource DataSourceNoCloud [seed=/dev/sdb][dsmode=net].  Up 18.11 seconds
         Stopping Session 3 of user vagrant.
         Stopping Authenticate and Authorize Users to Run Privileged Tasks...
[[0;32m  OK  [0m] Stopped target Cloud-init target.
         Stopping ACPI event daemon...
[[0;32m  OK  [0m] Stopped target Timers.
[[0;32m  OK  [0m] Stopped Ubuntu Advantage update messaging.
[[0;32m  OK  [0m] Stopped Daily Cleanup of Temporary Directories.
[[0;32m  OK  [0m] Stopped target Graphical Interface.
         Stopping Accounts Service...
[[0;32m  OK  [0m] Closed Load/Save RF Kill Switch Status /dev/rfkill Watch.
[[0;32m  OK  [0m] Stopped Message of the Day.
[[0;32m  OK  [0m] Stopped Daily apt upgrade and clean activities.
[[0;32m  OK  [0m] Stopped Daily apt download activities.
[[0;32m  OK  [0m] Stopped target System Time Synchronized.
         Stopping User Manager for UID 1000...
[[0;32m  OK  [0m] Stopped Execute cloud user/final scripts.
[[0;32m  OK  [0m] Stopped Apply the settings specified in cloud-config.
[[0;32m  OK  [0m] Stopped target Cloud-config availability.
[[0;32m  OK  [0m] Stopped target Multi-User System.
[[0;32m  OK  [0m] Stopped Wait until snapd is fully seeded.
         Stopping D-Bus System Message Bus...
         Stopping LXD - container startup/shutdown...
         Stopping A high performance web server and a reverse proxy server...
         Stopping Virtualbox guest utils...
         Stopping LSB: Record successful boot for GRUB...
         Stopping LSB: daemon to balance interrupts for SMP systems...
         Stopping Deferred execution scheduler...
         Stopping System Logging Service...
         Stopping Regular background program processing daemon...
[[0;32m  OK  [0m] Stopped target Login Prompts.
         Stopping Serial Getty on ttyS0...
         Stopping OpenBSD Secure Shell server...
         Stopping LSB: MD monitoring daemon...
         Stopping FUSE filesystem for LXC...
         Stopping LSB: Set the CPU Frequency Scaling governor to "ondemand"...
         Stopping Getty on tty1...
         Stopping LSB: automatic crash report generation...
[[0;32m  OK  [0m] Unmounted /var/lib/lxcfs.
[[0;32m  OK  [0m] Stopped Accounts Service.
[[0;32m  OK  [0m] Stopped Regular background program processing daemon.
[[0;32m  OK  [0m] Stopped Deferred execution scheduler.
[[0;32m  OK  [0m] Stopped System Logging Service.
[[0;32m  OK  [0m] Stopped Authenticate and Authorize Users to Run Privileged Tasks.
[[0;32m  OK  [0m] Stopped Serial Getty on ttyS0.
[[0;32m  OK  [0m] Stopped Getty on tty1.
[[0;32m  OK  [0m] Stopped ACPI event daemon.
[[0;32m  OK  [0m] Stopped OpenBSD Secure Shell server.
[[0;32m  OK  [0m] Stopped User Manager for UID 1000.
[[0;32m  OK  [0m] Stopped Session 3 of user vagrant.
[[0;32m  OK  [0m] Stopped D-Bus System Message Bus.
[[0;32m  OK  [0m] Stopped FUSE filesystem for LXC.
[[0;32m  OK  [0m] Stopped LXD - container startup/shutdown.
[[0;32m  OK  [0m] Stopped A high performance web server and a reverse proxy server.
[[0;32m  OK  [0m] Stopped LSB: Set the CPU Frequency Scaling governor to "ondemand".
[[0;32m  OK  [0m] Removed slice User Slice of vagrant.
         Stopping Login Service...
[[0;32m  OK  [0m] Removed slice system-getty.slice.
[[0;32m  OK  [0m] Stopped /etc/rc.local Compatibility.
         Stopping Permit User Sessions...
[[0;32m  OK  [0m] Removed slice system-serial\x2dgetty.slice.
[[0;32m  OK  [0m] Stopped Virtualbox guest utils.
[[0;32m  OK  [0m] Stopped LSB: Record successful boot for GRUB.
[[0;32m  OK  [0m] Stopped LSB: daemon to balance interrupts for SMP systems.
[[0;32m  OK  [0m] Stopped LSB: MD monitoring daemon.
[[0;32m  OK  [0m] Stopped LSB: automatic crash report generation.
[[0;32m  OK  [0m] Stopped Permit User Sessions.
[[0;32m  OK  [0m] Stopped target Remote File Systems.
         Unmounting /vagrant...
[[0;32m  OK  [0m] Unmounted /vagrant.
[[0;32m  OK  [0m] Stopped target Remote File Systems (Pre).
         Stopping Login to default iSCSI targets...
[[0;32m  OK  [0m] Stopped Login to default iSCSI targets.
         Stopping iSCSI initiator daemon (iscsid)...
[[0;32m  OK  [0m] Stopped iSCSI initiator daemon (iscsid).
[[0;32m  OK  [0m] Stopped target Network is Online.
[[0;32m  OK  [0m] Stopped target Network.
[[0;32m  OK  [0m] Stopped Login Service.
[[0;32m  OK  [0m] Stopped target Basic System.
[[0;32m  OK  [0m] Stopped target Sockets.
[[0;32m  OK  [0m] Closed LXD - unix socket.
[[0;32m  OK  [0m] Closed Socket activation for snappy daemon.
[[0;32m  OK  [0m] Closed ACPID Listen Socket.
[[0;32m  OK  [0m] Closed Syslog Socket.
[[0;32m  OK  [0m] Closed UUID daemon activation socket.
[[0;32m  OK  [0m] Stopped target Paths.
[[0;32m  OK  [0m] Stopped Dispatch Password Requests to Console Directory Watch.
[[0;32m  OK  [0m] Stopped ACPI Events Check.
[[0;32m  OK  [0m] Stopped Forward Password Requests to Wall Directory Watch.
[[0;32m  OK  [0m] Stopped target Slices.
[[0;32m  OK  [0m] Closed D-Bus System Message Bus Socket.
[[0;32m  OK  [0m] Removed slice User and Session Slice.
[[0;32m  OK  [0m] Stopped target System Initialization.
         Stopping Update UTMP about System Boot/Shutdown...
[[0;32m  OK  [0m] Stopped Commit a transient machine-id on disk.
[[0;32m  OK  [0m] Stopped Initial cloud-init job (metadata service crawler).
         Stopping Raise network interfaces...
[[0;32m  OK  [0m] Stopped target Encrypted Volumes.
[[0;32m  OK  [0m] Stopped target Swap.
         Stopping Load/Save Random Seed...
[[0;32m  OK  [0m] Stopped target User and Group Name Lookups.
[[0;32m  OK  [0m] Stopped Load/Save Random Seed.
[[0;32m  OK  [0m] Stopped Update UTMP about System Boot/Shutdown.
[[0;32m  OK  [0m] Stopped Create Volatile Files and Directories.
[[0;32m  OK  [0m] Stopped Raise network interfaces.
[[0;32m  OK  [0m] Stopped Apply Kernel Variables.
[[0;32m  OK  [0m] Stopped target Network (Pre).
[[0;32m  OK  [0m] Stopped Initial cloud-init job (pre-networking).
[[0;32m  OK  [0m] Stopped Load Kernel Modules.
[[0;32m  OK  [0m] Stopped target Local File Systems.
         Unmounting /run/user/1000...
[[0;32m  OK  [0m] Unmounted /run/user/1000.
[[0;32m  OK  [0m] Reached target Unmount All Filesystems.
[[0;32m  OK  [0m] Stopped target Local File Systems (Pre).
         Stopping Monitoring of LVM2 mirrors... dmeventd or progress polling...
[[0;32m  OK  [0m] Stopped Remount Root and Kernel File Systems.
[[0;32m  OK  [0m] Stopped Create Static Device Nodes in /dev.
[[0;32m  OK  [0m] Reached target Shutdown.
[  616.975448] reboot: Power down
